INFO - URL was loaded successfully
INFO - Login was successful
INFO - URL was loaded successfully
INFO - Login was successful
INFO - URL was loaded successfully
INFO - Login was successful
INFO - URL was loaded successfully
INFO - URL was loaded successfully
INFO - Login was successful
INFO - URL was loaded successfully
INFO - Login was successful
INFO - URL was loaded successfully
INFO - Login was successful
INFO - URL was loaded successfully
INFO - Login was successful
INFO - URL was loaded successfully
INFO - Login was successful
INFO - URL was loaded successfully
INFO - Login was successful
DEBUG - Couldn't find template in cache for "Extent.ftl"("en_IN", UTF-8, parsed); will try to load it.
DEBUG - TemplateLoader.findTemplateSource("Extent_en_IN.ftl"): Not found
DEBUG - TemplateLoader.findTemplateSource("Extent_en.ftl"): Not found
DEBUG - TemplateLoader.findTemplateSource("Extent.ftl"): Found
DEBUG - Loading template for "Extent.ftl"("en_IN", UTF-8, parsed) from "jar:file:/Users/ajith/.m2/repository/com/relevantcodes/extentreports/2.41.1/extentreports-2.41.1.jar!/com/relevantcodes/extentreports/view/Extent.ftl"
INFO - URL was loaded successfully
INFO - Login was successful
DEBUG - Couldn't find template in cache for "Extent.ftl"("en_IN", UTF-8, parsed); will try to load it.
DEBUG - TemplateLoader.findTemplateSource("Extent_en_IN.ftl"): Not found
DEBUG - TemplateLoader.findTemplateSource("Extent_en.ftl"): Not found
DEBUG - TemplateLoader.findTemplateSource("Extent.ftl"): Found
DEBUG - Loading template for "Extent.ftl"("en_IN", UTF-8, parsed) from "jar:file:/Users/ajith/.m2/repository/com/relevantcodes/extentreports/2.41.1/extentreports-2.41.1.jar!/com/relevantcodes/extentreports/view/Extent.ftl"
INFO - URL was loaded successfully
INFO - Login was successful
DEBUG - Couldn't find template in cache for "Extent.ftl"("en_IN", UTF-8, parsed); will try to load it.
DEBUG - TemplateLoader.findTemplateSource("Extent_en_IN.ftl"): Not found
DEBUG - TemplateLoader.findTemplateSource("Extent_en.ftl"): Not found
DEBUG - TemplateLoader.findTemplateSource("Extent.ftl"): Found
DEBUG - Loading template for "Extent.ftl"("en_IN", UTF-8, parsed) from "jar:file:/Users/ajith/.m2/repository/com/relevantcodes/extentreports/2.41.1/extentreports-2.41.1.jar!/com/relevantcodes/extentreports/view/Extent.ftl"
INFO - URL was loaded successfully
INFO - Login was successful
DEBUG - Couldn't find template in cache for "Extent.ftl"("en_IN", UTF-8, parsed); will try to load it.
DEBUG - TemplateLoader.findTemplateSource("Extent_en_IN.ftl"): Not found
DEBUG - TemplateLoader.findTemplateSource("Extent_en.ftl"): Not found
DEBUG - TemplateLoader.findTemplateSource("Extent.ftl"): Found
DEBUG - Loading template for "Extent.ftl"("en_IN", UTF-8, parsed) from "jar:file:/Users/ajith/.m2/repository/com/relevantcodes/extentreports/2.41.1/extentreports-2.41.1.jar!/com/relevantcodes/extentreports/view/Extent.ftl"
INFO - URL was loaded successfully
INFO - Login was successful
DEBUG - Couldn't find template in cache for "Extent.ftl"("en_IN", UTF-8, parsed); will try to load it.
DEBUG - TemplateLoader.findTemplateSource("Extent_en_IN.ftl"): Not found
DEBUG - TemplateLoader.findTemplateSource("Extent_en.ftl"): Not found
DEBUG - TemplateLoader.findTemplateSource("Extent.ftl"): Found
DEBUG - Loading template for "Extent.ftl"("en_IN", UTF-8, parsed) from "jar:file:/Users/ajith/.m2/repository/com/relevantcodes/extentreports/2.41.1/extentreports-2.41.1.jar!/com/relevantcodes/extentreports/view/Extent.ftl"
INFO - URL was loaded successfully
INFO - Login was successful
DEBUG - Couldn't find template in cache for "Extent.ftl"("en_IN", UTF-8, parsed); will try to load it.
DEBUG - TemplateLoader.findTemplateSource("Extent_en_IN.ftl"): Not found
DEBUG - TemplateLoader.findTemplateSource("Extent_en.ftl"): Not found
DEBUG - TemplateLoader.findTemplateSource("Extent.ftl"): Found
DEBUG - Loading template for "Extent.ftl"("en_IN", UTF-8, parsed) from "jar:file:/Users/ajith/.m2/repository/com/relevantcodes/extentreports/2.41.1/extentreports-2.41.1.jar!/com/relevantcodes/extentreports/view/Extent.ftl"
INFO - URL was loaded successfully
INFO - Login was successful
DEBUG - Couldn't find template in cache for "Extent.ftl"("en_IN", UTF-8, parsed); will try to load it.
DEBUG - TemplateLoader.findTemplateSource("Extent_en_IN.ftl"): Not found
DEBUG - TemplateLoader.findTemplateSource("Extent_en.ftl"): Not found
DEBUG - TemplateLoader.findTemplateSource("Extent.ftl"): Found
DEBUG - Loading template for "Extent.ftl"("en_IN", UTF-8, parsed) from "jar:file:/Users/ajith/.m2/repository/com/relevantcodes/extentreports/2.41.1/extentreports-2.41.1.jar!/com/relevantcodes/extentreports/view/Extent.ftl"
INFO - URL was loaded successfully
INFO - Login was successful
DEBUG - Couldn't find template in cache for "Extent.ftl"("en_IN", UTF-8, parsed); will try to load it.
DEBUG - TemplateLoader.findTemplateSource("Extent_en_IN.ftl"): Not found
DEBUG - TemplateLoader.findTemplateSource("Extent_en.ftl"): Not found
DEBUG - TemplateLoader.findTemplateSource("Extent.ftl"): Found
DEBUG - Loading template for "Extent.ftl"("en_IN", UTF-8, parsed) from "jar:file:/Users/ajith/.m2/repository/com/relevantcodes/extentreports/2.41.1/extentreports-2.41.1.jar!/com/relevantcodes/extentreports/view/Extent.ftl"
INFO - URL was loaded successfully
INFO - Login was successful
DEBUG - Couldn't find template in cache for "Extent.ftl"("en_IN", UTF-8, parsed); will try to load it.
DEBUG - TemplateLoader.findTemplateSource("Extent_en_IN.ftl"): Not found
DEBUG - TemplateLoader.findTemplateSource("Extent_en.ftl"): Not found
DEBUG - TemplateLoader.findTemplateSource("Extent.ftl"): Found
DEBUG - Loading template for "Extent.ftl"("en_IN", UTF-8, parsed) from "jar:file:/Users/ajith/.m2/repository/com/relevantcodes/extentreports/2.41.1/extentreports-2.41.1.jar!/com/relevantcodes/extentreports/view/Extent.ftl"
DEBUG - Couldn't find template in cache for "Extent.ftl"("en_IN", UTF-8, parsed); will try to load it.
DEBUG - TemplateLoader.findTemplateSource("Extent_en_IN.ftl"): Not found
DEBUG - TemplateLoader.findTemplateSource("Extent_en.ftl"): Not found
DEBUG - TemplateLoader.findTemplateSource("Extent.ftl"): Found
DEBUG - Loading template for "Extent.ftl"("en_IN", UTF-8, parsed) from "jar:file:/Users/ajith/.m2/repository/com/relevantcodes/extentreports/2.41.1/extentreports-2.41.1.jar!/com/relevantcodes/extentreports/view/Extent.ftl"
DEBUG - Couldn't find template in cache for "Extent.ftl"("en_IN", UTF-8, parsed); will try to load it.
DEBUG - TemplateLoader.findTemplateSource("Extent_en_IN.ftl"): Not found
DEBUG - TemplateLoader.findTemplateSource("Extent_en.ftl"): Not found
DEBUG - TemplateLoader.findTemplateSource("Extent.ftl"): Found
DEBUG - Loading template for "Extent.ftl"("en_IN", UTF-8, parsed) from "jar:file:/Users/ajith/.m2/repository/com/relevantcodes/extentreports/2.41.1/extentreports-2.41.1.jar!/com/relevantcodes/extentreports/view/Extent.ftl"
DEBUG - Couldn't find template in cache for "Extent.ftl"("en_IN", UTF-8, parsed); will try to load it.
DEBUG - TemplateLoader.findTemplateSource("Extent_en_IN.ftl"): Not found
DEBUG - TemplateLoader.findTemplateSource("Extent_en.ftl"): Not found
DEBUG - TemplateLoader.findTemplateSource("Extent.ftl"): Found
DEBUG - Loading template for "Extent.ftl"("en_IN", UTF-8, parsed) from "jar:file:/Users/ajith/.m2/repository/com/relevantcodes/extentreports/2.41.1/extentreports-2.41.1.jar!/com/relevantcodes/extentreports/view/Extent.ftl"
INFO - URL was loaded successfully
INFO - Login was successful
DEBUG - Couldn't find template in cache for "Extent.ftl"("en_IN", UTF-8, parsed); will try to load it.
DEBUG - TemplateLoader.findTemplateSource("Extent_en_IN.ftl"): Not found
DEBUG - TemplateLoader.findTemplateSource("Extent_en.ftl"): Not found
DEBUG - TemplateLoader.findTemplateSource("Extent.ftl"): Found
DEBUG - Loading template for "Extent.ftl"("en_IN", UTF-8, parsed) from "jar:file:/Users/ajith/.m2/repository/com/relevantcodes/extentreports/2.41.1/extentreports-2.41.1.jar!/com/relevantcodes/extentreports/view/Extent.ftl"
INFO - URL was loaded successfully
INFO - Login was successful
DEBUG - Couldn't find template in cache for "Extent.ftl"("en_IN", UTF-8, parsed); will try to load it.
DEBUG - TemplateLoader.findTemplateSource("Extent_en_IN.ftl"): Not found
DEBUG - TemplateLoader.findTemplateSource("Extent_en.ftl"): Not found
DEBUG - TemplateLoader.findTemplateSource("Extent.ftl"): Found
DEBUG - Loading template for "Extent.ftl"("en_IN", UTF-8, parsed) from "jar:file:/Users/ajith/.m2/repository/com/relevantcodes/extentreports/2.41.1/extentreports-2.41.1.jar!/com/relevantcodes/extentreports/view/Extent.ftl"
INFO - URL was loaded successfully
INFO - Login was successful
DEBUG - Couldn't find template in cache for "Extent.ftl"("en_IN", UTF-8, parsed); will try to load it.
DEBUG - TemplateLoader.findTemplateSource("Extent_en_IN.ftl"): Not found
DEBUG - TemplateLoader.findTemplateSource("Extent_en.ftl"): Not found
DEBUG - TemplateLoader.findTemplateSource("Extent.ftl"): Found
DEBUG - Loading template for "Extent.ftl"("en_IN", UTF-8, parsed) from "jar:file:/Users/ajith/.m2/repository/com/relevantcodes/extentreports/2.41.1/extentreports-2.41.1.jar!/com/relevantcodes/extentreports/view/Extent.ftl"
INFO - URL was loaded successfully
INFO - Login was successful
DEBUG - Couldn't find template in cache for "Extent.ftl"("en_IN", UTF-8, parsed); will try to load it.
DEBUG - TemplateLoader.findTemplateSource("Extent_en_IN.ftl"): Not found
DEBUG - TemplateLoader.findTemplateSource("Extent_en.ftl"): Not found
DEBUG - TemplateLoader.findTemplateSource("Extent.ftl"): Found
DEBUG - Loading template for "Extent.ftl"("en_IN", UTF-8, parsed) from "jar:file:/Users/ajith/.m2/repository/com/relevantcodes/extentreports/2.41.1/extentreports-2.41.1.jar!/com/relevantcodes/extentreports/view/Extent.ftl"
INFO - URL was loaded successfully
INFO - Login was successful
DEBUG - Couldn't find template in cache for "Extent.ftl"("en_IN", UTF-8, parsed); will try to load it.
DEBUG - TemplateLoader.findTemplateSource("Extent_en_IN.ftl"): Not found
DEBUG - TemplateLoader.findTemplateSource("Extent_en.ftl"): Not found
DEBUG - TemplateLoader.findTemplateSource("Extent.ftl"): Found
DEBUG - Loading template for "Extent.ftl"("en_IN", UTF-8, parsed) from "jar:file:/Users/ajith/.m2/repository/com/relevantcodes/extentreports/2.41.1/extentreports-2.41.1.jar!/com/relevantcodes/extentreports/view/Extent.ftl"
INFO - URL was loaded successfully
INFO - Login was successful
DEBUG - Couldn't find template in cache for "Extent.ftl"("en_IN", UTF-8, parsed); will try to load it.
DEBUG - TemplateLoader.findTemplateSource("Extent_en_IN.ftl"): Not found
DEBUG - TemplateLoader.findTemplateSource("Extent_en.ftl"): Not found
DEBUG - TemplateLoader.findTemplateSource("Extent.ftl"): Found
DEBUG - Loading template for "         Extent.ftl"("en_IN", UTF-8, parsed) from "jar:file:/Users/ajith/.m2/repository/com/relevantcodes/extentreports/2.41.1/extentreports-2.41.1.jar!/com/relevantcodes/extentreports/view/Extent.ftl"
